<?xml version="1.0" encoding="UTF-8"?>
<!-- Generated by org.testng.reporters.JUnitReportReporter -->
<testsuite hostname="LAPTOP-0GFGS3J5" failures="0" tests="1" name="com.sevenrmartsupermarket.tests.HomeTest" time="3.419" errors="0" timestamp="2024-05-15T18:17:34 IST" skipped="0">
  <testcase classname="com.sevenrmartsupermarket.tests.HomeTest" name="clickOnSignInButon" time="3.419"/>
  <system-out/>
</testsuite> <!-- com.sevenrmartsupermarket.tests.HomeTest -->
