<?xml version="1.0" encoding="UTF-8"?>
<!-- Generated by org.testng.reporters.JUnitReportReporter -->
<testsuite hostname="LAPTOP-0GFGS3J5" failures="0" tests="1" name="com.sevenrmartsupermarket.tests.PushNotificationTest" time="7.321" errors="0" timestamp="2024-05-15T21:47:40 IST" skipped="0">
  <testcase classname="com.sevenrmartsupermarket.tests.PushNotificationTest" name="sendPushNotification" time="7.321"/>
  <system-out/>
</testsuite> <!-- com.sevenrmartsupermarket.tests.PushNotificationTest -->
