<?xml version="1.0" encoding="UTF-8"?>
<!-- Generated by org.testng.reporters.JUnitReportReporter -->
<testsuite hostname="LAPTOP-0GFGS3J5" failures="0" tests="1" name="com.sevenrmartsupermarket.tests.AdminUsersTest" time="4.747" errors="0" timestamp="2024-05-17T21:35:15 IST" skipped="0">
  <testcase classname="com.sevenrmartsupermarket.tests.AdminUsersTest" name="verifyDeactivationFunctionality" time="4.747"/>
  <system-out/>
</testsuite> <!-- com.sevenrmartsupermarket.tests.AdminUsersTest -->
