<?xml version="1.0" encoding="UTF-8"?>
<!-- Generated by org.testng.reporters.JUnitReportReporter -->
<testsuite hostname="LAPTOP-0GFGS3J5" failures="0" tests="1" name="com.sevenrmartsupermarket.tests.ManageOrdersTest" time="7.112" errors="0" timestamp="2024-05-15T18:39:42 IST" skipped="0">
  <testcase classname="com.sevenrmartsupermarket.tests.ManageOrdersTest" name="searchOrder" time="7.112"/>
  <system-out/>
</testsuite> <!-- com.sevenrmartsupermarket.tests.ManageOrdersTest -->
