<?xml version="1.0" encoding="UTF-8"?>
<!-- Generated by org.testng.reporters.JUnitReportReporter -->
<testsuite hostname="LAPTOP-0GFGS3J5" failures="0" tests="1" name="com.sevenrmartsupermarket.tests.LoginRajiTest" time="4.838" errors="0" timestamp="2024-05-15T15:39:20 IST" skipped="0">
  <testcase classname="com.sevenrmartsupermarket.tests.LoginRajiTest" name="verifyUserLogin" time="4.838"/>
  <system-out/>
</testsuite> <!-- com.sevenrmartsupermarket.tests.LoginRajiTest -->
